# JRE version: Java(TM) SE Runtime Environment (8.0_161-b12) (build 1.8.0_161-b12)
# Java VM: Java HotSpot(TM) 64-Bit Server VM (25.161-b12 mixed mode windows-amd64 compressed oops)
Heap:
 PSYoungGen      total 198144K, used 8022K [0x00000000eb300000, 0x00000000fcd00000, 0x0000000100000000)
  eden space 194048K, 2% used [0x00000000eb300000,0x00000000eb6f7b20,0x00000000f7080000)
  from space 4096K, 96% used [0x00000000fb500000,0x00000000fb8ddf10,0x00000000fb900000)
  to   space 12800K, 0% used [0x00000000fc080000,0x00000000fc080000,0x00000000fcd00000)
 ParOldGen       total 82432K, used 42097K [0x00000000c1800000, 0x00000000c6880000, 0x00000000eb300000)
  object space 82432K, 51% used [0x00000000c1800000,0x00000000c411c458,0x00000000c6880000)
 Metaspace       used 66741K, capacity 69140K, committed 69376K, reserved 1110016K
  class space    used 8783K, capacity 9205K, committed 9216K, reserved 1048576K
GC Heap History (10 events):
Event: 33.633 GC heap before
{Heap before GC invocations=23 (full 2):
 PSYoungGen      total 239104K, used 235698K [0x00000000eb300000, 0x00000000fb080000, 0x0000000100000000)
  eden space 230912K, 100% used [0x00000000eb300000,0x00000000f9480000,0x00000000f9480000)
  from space 8192K, 58% used [0x00000000f9c80000,0x00000000fa12ca28,0x00000000fa480000)
  to   space 8192K, 0% used [0x00000000f9480000,0x00000000f9480000,0x00000000f9c80000)
 ParOldGen       total 54272K, used 28068K [0x00000000c1800000, 0x00000000c4d00000, 0x00000000eb300000)
  object space 54272K, 51% used [0x00000000c1800000,0x00000000c3369328,0x00000000c4d00000)
 Metaspace       used 46178K, capacity 48256K, committed 48512K, reserved 1091584K
  class space    used 6034K, capacity 6431K, committed 6528K, reserved 1048576K
Event: 33.650 GC heap after
Heap after GC invocations=23 (full 2):
 PSYoungGen      total 239104K, used 8188K [0x00000000eb300000, 0x00000000fd900000, 0x0000000100000000)
  eden space 230912K, 0% used [0x00000000eb300000,0x00000000eb300000,0x00000000f9480000)
  from space 8192K, 99% used [0x00000000f9480000,0x00000000f9c7f3b0,0x00000000f9c80000)
  to   space 10752K, 0% used [0x00000000fce80000,0x00000000fce80000,0x00000000fd900000)
 ParOldGen       total 54272K, used 32038K [0x00000000c1800000, 0x00000000c4d00000, 0x00000000eb300000)
  object space 54272K, 59% used [0x00000000c1800000,0x00000000c3749a10,0x00000000c4d00000)
 Metaspace       used 46178K, capacity 48256K, committed 48512K, reserved 1091584K
  class space    used 6034K, capacity 6431K, committed 6528K, reserved 1048576K
}
Event: 269.161 GC heap before
{Heap before GC invocations=24 (full 2):
 PSYoungGen      total 239104K, used 239100K [0x00000000eb300000, 0x00000000fd900000, 0x0000000100000000)
  eden space 230912K, 100% used [0x00000000eb300000,0x00000000f9480000,0x00000000f9480000)
  from space 8192K, 99% used [0x00000000f9480000,0x00000000f9c7f3b0,0x00000000f9c80000)
  to   space 10752K, 0% used [0x00000000fce80000,0x00000000fce80000,0x00000000fd900000)
 ParOldGen       total 54272K, used 32038K [0x00000000c1800000, 0x00000000c4d00000, 0x00000000eb300000)
  object space 54272K, 59% used [0x00000000c1800000,0x00000000c3749a10,0x00000000c4d00000)
 Metaspace       used 51394K, capacity 53556K, committed 53760K, reserved 1095680K
  class space    used 6717K, capacity 7127K, committed 7168K, reserved 1048576K
Event: 269.178 GC heap after
Heap after GC invocations=24 (full 2):
 PSYoungGen      total 230400K, used 9553K [0x00000000eb300000, 0x00000000fd800000, 0x0000000100000000)
  eden space 220672K, 0% used [0x00000000eb300000,0x00000000eb300000,0x00000000f8a80000)
  from space 9728K, 98% used [0x00000000fce80000,0x00000000fd7d4660,0x00000000fd800000)
  to   space 11776K, 0% used [0x00000000fc100000,0x00000000fc100000,0x00000000fcc80000)
 ParOldGen       total 54272K, used 35810K [0x00000000c1800000, 0x00000000c4d00000, 0x00000000eb300000)
  object space 54272K, 65% used [0x00000000c1800000,0x00000000c3af8a68,0x00000000c4d00000)
 Metaspace       used 51394K, capacity 53556K, committed 53760K, reserved 1095680K
  class space    used 6717K, capacity 7127K, committed 7168K, reserved 1048576K
}
Event: 277.990 GC heap before
{Heap before GC invocations=25 (full 2):
 PSYoungGen      total 230400K, used 145388K [0x00000000eb300000, 0x00000000fd800000, 0x0000000100000000)
  eden space 220672K, 61% used [0x00000000eb300000,0x00000000f37a6b48,0x00000000f8a80000)
  from space 9728K, 98% used [0x00000000fce80000,0x00000000fd7d4660,0x00000000fd800000)
  to   space 11776K, 0% used [0x00000000fc100000,0x00000000fc100000,0x00000000fcc80000)
 ParOldGen       total 54272K, used 35810K [0x00000000c1800000, 0x00000000c4d00000, 0x00000000eb300000)
  object space 54272K, 65% used [0x00000000c1800000,0x00000000c3af8a68,0x00000000c4d00000)
 Metaspace       used 56925K, capacity 59032K, committed 59160K, reserved 1099776K
  class space    used 7898K, capacity 8285K, committed 8320K, reserved 1048576K
Event: 278.012 GC heap after
Heap after GC invocations=25 (full 2):
 PSYoungGen      total 222720K, used 11753K [0x00000000eb300000, 0x00000000fcf00000, 0x0000000100000000)
  eden space 210944K, 0% used [0x00000000eb300000,0x00000000eb300000,0x00000000f8100000)
  from space 11776K, 99% used [0x00000000fc100000,0x00000000fcc7a4d8,0x00000000fcc80000)
  to   space 2560K, 0% used [0x00000000fcc80000,0x00000000fcc80000,0x00000000fcf00000)
 ParOldGen       total 54272K, used 36390K [0x00000000c1800000, 0x00000000c4d00000, 0x00000000eb300000)
  object space 54272K, 67% used [0x00000000c1800000,0x00000000c3b89ac0,0x00000000c4d00000)
 Metaspace       used 56925K, capacity 59032K, committed 59160K, reserved 1099776K
  class space    used 7898K, capacity 8285K, committed 8320K, reserved 1048576K
}
Event: 278.012 GC heap before
{Heap before GC invocations=26 (full 3):
 PSYoungGen      total 222720K, used 11753K [0x00000000eb300000, 0x00000000fcf00000, 0x0000000100000000)
  eden space 210944K, 0% used [0x00000000eb300000,0x00000000eb300000,0x00000000f8100000)
  from space 11776K, 99% used [0x00000000fc100000,0x00000000fcc7a4d8,0x00000000fcc80000)
  to   space 2560K, 0% used [0x00000000fcc80000,0x00000000fcc80000,0x00000000fcf00000)
 ParOldGen       total 54272K, used 36390K [0x00000000c1800000, 0x00000000c4d00000, 0x00000000eb300000)
  object space 54272K, 67% used [0x00000000c1800000,0x00000000c3b89ac0,0x00000000c4d00000)
 Metaspace       used 56925K, capacity 59032K, committed 59160K, reserved 1099776K
  class space    used 7898K, capacity 8285K, committed 8320K, reserved 1048576K
Event: 278.309 GC heap after
Heap after GC invocations=26 (full 3):
 PSYoungGen      total 222720K, used 0K [0x00000000eb300000, 0x00000000fcf00000, 0x0000000100000000)
  eden space 210944K, 0% used [0x00000000eb300000,0x00000000eb300000,0x00000000f8100000)
  from space 11776K, 0% used [0x00000000fc100000,0x00000000fc100000,0x00000000fcc80000)
  to   space 2560K, 0% used [0x00000000fcc80000,0x00000000fcc80000,0x00000000fcf00000)
 ParOldGen       total 82432K, used 38195K [0x00000000c1800000, 0x00000000c6880000, 0x00000000eb300000)
  object space 82432K, 46% used [0x00000000c1800000,0x00000000c3d4cec8,0x00000000c6880000)
 Metaspace       used 56925K, capacity 59032K, committed 59160K, reserved 1099776K
  class space    used 7898K, capacity 8285K, committed 8320K, reserved 1048576K
}
Event: 284.248 GC heap before
{Heap before GC invocations=27 (full 3):
 PSYoungGen      total 222720K, used 210944K [0x00000000eb300000, 0x00000000fcf00000, 0x0000000100000000)
  eden space 210944K, 100% used [0x00000000eb300000,0x00000000f8100000,0x00000000f8100000)
  from space 11776K, 0% used [0x00000000fc100000,0x00000000fc100000,0x00000000fcc80000)
  to   space 2560K, 0% used [0x00000000fcc80000,0x00000000fcc80000,0x00000000fcf00000)
 ParOldGen       total 82432K, used 38195K [0x00000000c1800000, 0x00000000c6880000, 0x00000000eb300000)
  object space 82432K, 46% used [0x00000000c1800000,0x00000000c3d4cec8,0x00000000c6880000)
 Metaspace       used 62248K, capacity 64414K, committed 64512K, reserved 1105920K
  class space    used 8540K, capacity 8926K, committed 8960K, reserved 1048576K
Event: 284.254 GC heap after
Heap after GC invocations=27 (full 3):
 PSYoungGen      total 204800K, used 2555K [0x00000000eb300000, 0x00000000fcf00000, 0x0000000100000000)
  eden space 202240K, 0% used [0x00000000eb300000,0x00000000eb300000,0x00000000f7880000)
  from space 2560K, 99% used [0x00000000fcc80000,0x00000000fcefed68,0x00000000fcf00000)
  to   space 13312K, 0% used [0x00000000fb500000,0x00000000fb500000,0x00000000fc200000)
 ParOldGen       total 82432K, used 40734K [0x00000000c1800000, 0x00000000c6880000, 0x00000000eb300000)
  object space 82432K, 49% used [0x00000000c1800000,0x00000000c3fc7a18,0x00000000c6880000)
 Metaspace       used 62248K, capacity 64414K, committed 64512K, reserved 1105920K
  class space    used 8540K, capacity 8926K, committed 8960K, reserved 1048576K
}

