# JRE version: Java(TM) SE Runtime Environment (8.0_161-b12) (build 1.8.0_161-b12)
# Java VM: Java HotSpot(TM) 64-Bit Server VM (25.161-b12 mixed mode windows-amd64 compressed oops)
Heap:
 PSYoungGen      total 320512K, used 185387K [0x00000000eb300000, 0x0000000100000000, 0x0000000100000000)
  eden space 307200K, 60% used [0x00000000eb300000,0x00000000f680ace8,0x00000000fdf00000)
  from space 13312K, 0% used [0x00000000ff300000,0x00000000ff300000,0x0000000100000000)
  to   space 16896K, 0% used [0x00000000fdf00000,0x00000000fdf00000,0x00000000fef80000)
 ParOldGen       total 82432K, used 40897K [0x00000000c1800000, 0x00000000c6880000, 0x00000000eb300000)
  object space 82432K, 49% used [0x00000000c1800000,0x00000000c3ff0640,0x00000000c6880000)
 Metaspace       used 60076K, capacity 62242K, committed 62592K, reserved 1103872K
  class space    used 8322K, capacity 8734K, committed 8832K, reserved 1048576K
GC Heap History (10 events):
Event: 8.930 GC heap before
{Heap before GC invocations=15 (full 2):
 PSYoungGen      total 288768K, used 277504K [0x00000000eb300000, 0x00000000fd900000, 0x0000000100000000)
  eden space 277504K, 100% used [0x00000000eb300000,0x00000000fc200000,0x00000000fc200000)
  from space 11264K, 0% used [0x00000000fce00000,0x00000000fce00000,0x00000000fd900000)
  to   space 11776K, 0% used [0x00000000fc200000,0x00000000fc200000,0x00000000fcd80000)
 ParOldGen       total 52224K, used 20578K [0x00000000c1800000, 0x00000000c4b00000, 0x00000000eb300000)
  object space 52224K, 39% used [0x00000000c1800000,0x00000000c2c18848,0x00000000c4b00000)
 Metaspace       used 39048K, capacity 40566K, committed 40704K, reserved 1085440K
  class space    used 5040K, capacity 5335K, committed 5376K, reserved 1048576K
Event: 8.940 GC heap after
Heap after GC invocations=15 (full 2):
 PSYoungGen      total 289280K, used 8015K [0x00000000eb300000, 0x0000000100000000, 0x0000000100000000)
  eden space 277504K, 0% used [0x00000000eb300000,0x00000000eb300000,0x00000000fc200000)
  from space 11776K, 68% used [0x00000000fc200000,0x00000000fc9d3d18,0x00000000fcd80000)
  to   space 12288K, 0% used [0x00000000ff400000,0x00000000ff400000,0x0000000100000000)
 ParOldGen       total 52224K, used 20586K [0x00000000c1800000, 0x00000000c4b00000, 0x00000000eb300000)
  object space 52224K, 39% used [0x00000000c1800000,0x00000000c2c1a848,0x00000000c4b00000)
 Metaspace       used 39048K, capacity 40566K, committed 40704K, reserved 1085440K
  class space    used 5040K, capacity 5335K, committed 5376K, reserved 1048576K
}
Event: 10.669 GC heap before
{Heap before GC invocations=16 (full 2):
 PSYoungGen      total 289280K, used 285519K [0x00000000eb300000, 0x0000000100000000, 0x0000000100000000)
  eden space 277504K, 100% used [0x00000000eb300000,0x00000000fc200000,0x00000000fc200000)
  from space 11776K, 68% used [0x00000000fc200000,0x00000000fc9d3d18,0x00000000fcd80000)
  to   space 12288K, 0% used [0x00000000ff400000,0x00000000ff400000,0x0000000100000000)
 ParOldGen       total 52224K, used 20586K [0x00000000c1800000, 0x00000000c4b00000, 0x00000000eb300000)
  object space 52224K, 39% used [0x00000000c1800000,0x00000000c2c1a848,0x00000000c4b00000)
 Metaspace       used 41513K, capacity 43294K, committed 43392K, reserved 1087488K
  class space    used 5394K, capacity 5755K, committed 5760K, reserved 1048576K
Event: 10.686 GC heap after
Heap after GC invocations=16 (full 2):
 PSYoungGen      total 328704K, used 6807K [0x00000000eb300000, 0x00000000fff80000, 0x0000000100000000)
  eden space 316928K, 0% used [0x00000000eb300000,0x00000000eb300000,0x00000000fe880000)
  from space 11776K, 57% used [0x00000000ff400000,0x00000000ffaa5c20,0x00000000fff80000)
  to   space 11776K, 0% used [0x00000000fe880000,0x00000000fe880000,0x00000000ff400000)
 ParOldGen       total 52224K, used 26455K [0x00000000c1800000, 0x00000000c4b00000, 0x00000000eb300000)
  object space 52224K, 50% used [0x00000000c1800000,0x00000000c31d5cb8,0x00000000c4b00000)
 Metaspace       used 41513K, capacity 43294K, committed 43392K, reserved 1087488K
  class space    used 5394K, capacity 5755K, committed 5760K, reserved 1048576K
}
Event: 18.598 GC heap before
{Heap before GC invocations=17 (full 2):
 PSYoungGen      total 328704K, used 323735K [0x00000000eb300000, 0x00000000fff80000, 0x0000000100000000)
  eden space 316928K, 100% used [0x00000000eb300000,0x00000000fe880000,0x00000000fe880000)
  from space 11776K, 57% used [0x00000000ff400000,0x00000000ffaa5c20,0x00000000fff80000)
  to   space 11776K, 0% used [0x00000000fe880000,0x00000000fe880000,0x00000000ff400000)
 ParOldGen       total 52224K, used 26455K [0x00000000c1800000, 0x00000000c4b00000, 0x00000000eb300000)
  object space 52224K, 50% used [0x00000000c1800000,0x00000000c31d5cb8,0x00000000c4b00000)
 Metaspace       used 48086K, capacity 50280K, committed 50560K, reserved 1093632K
  class space    used 6287K, capacity 6695K, committed 6784K, reserved 1048576K
Event: 18.618 GC heap after
Heap after GC invocations=17 (full 2):
 PSYoungGen      total 327680K, used 10604K [0x00000000eb300000, 0x0000000100000000, 0x0000000100000000)
  eden space 316928K, 0% used [0x00000000eb300000,0x00000000eb300000,0x00000000fe880000)
  from space 10752K, 98% used [0x00000000fe880000,0x00000000ff2db108,0x00000000ff300000)
  to   space 13312K, 0% used [0x00000000ff300000,0x00000000ff300000,0x0000000100000000)
 ParOldGen       total 52224K, used 29875K [0x00000000c1800000, 0x00000000c4b00000, 0x00000000eb300000)
  object space 52224K, 57% used [0x00000000c1800000,0x00000000c352ccd8,0x00000000c4b00000)
 Metaspace       used 48086K, capacity 50280K, committed 50560K, reserved 1093632K
  class space    used 6287K, capacity 6695K, committed 6784K, reserved 1048576K
}
Event: 40.732 GC heap before
{Heap before GC invocations=18 (full 2):
 PSYoungGen      total 327680K, used 291074K [0x00000000eb300000, 0x0000000100000000, 0x0000000100000000)
  eden space 316928K, 88% used [0x00000000eb300000,0x00000000fc4e5748,0x00000000fe880000)
  from space 10752K, 98% used [0x00000000fe880000,0x00000000ff2db108,0x00000000ff300000)
  to   space 13312K, 0% used [0x00000000ff300000,0x00000000ff300000,0x0000000100000000)
 ParOldGen       total 52224K, used 29875K [0x00000000c1800000, 0x00000000c4b00000, 0x00000000eb300000)
  object space 52224K, 57% used [0x00000000c1800000,0x00000000c352ccd8,0x00000000c4b00000)
 Metaspace       used 56872K, capacity 59036K, committed 59160K, reserved 1099776K
  class space    used 7888K, capacity 8285K, committed 8320K, reserved 1048576K
Event: 40.752 GC heap after
Heap after GC invocations=18 (full 2):
 PSYoungGen      total 320512K, used 13285K [0x00000000eb300000, 0x0000000100000000, 0x0000000100000000)
  eden space 307200K, 0% used [0x00000000eb300000,0x00000000eb300000,0x00000000fdf00000)
  from space 13312K, 99% used [0x00000000ff300000,0x00000000ffff9570,0x0000000100000000)
  to   space 16896K, 0% used [0x00000000fdf00000,0x00000000fdf00000,0x00000000fef80000)
 ParOldGen       total 52224K, used 35251K [0x00000000c1800000, 0x00000000c4b00000, 0x00000000eb300000)
  object space 52224K, 67% used [0x00000000c1800000,0x00000000c3a6cf08,0x00000000c4b00000)
 Metaspace       used 56872K, capacity 59036K, committed 59160K, reserved 1099776K
  class space    used 7888K, capacity 8285K, committed 8320K, reserved 1048576K
}
Event: 40.752 GC heap before
{Heap before GC invocations=19 (full 3):
 PSYoungGen      total 320512K, used 13285K [0x00000000eb300000, 0x0000000100000000, 0x0000000100000000)
  eden space 307200K, 0% used [0x00000000eb300000,0x00000000eb300000,0x00000000fdf00000)
  from space 13312K, 99% used [0x00000000ff300000,0x00000000ffff9570,0x0000000100000000)
  to   space 16896K, 0% used [0x00000000fdf00000,0x00000000fdf00000,0x00000000fef80000)
 ParOldGen       total 52224K, used 35251K [0x00000000c1800000, 0x00000000c4b00000, 0x00000000eb300000)
  object space 52224K, 67% used [0x00000000c1800000,0x00000000c3a6cf08,0x00000000c4b00000)
 Metaspace       used 56872K, capacity 59036K, committed 59160K, reserved 1099776K
  class space    used 7888K, capacity 8285K, committed 8320K, reserved 1048576K
Event: 41.037 GC heap after
Heap after GC invocations=19 (full 3):
 PSYoungGen      total 320512K, used 0K [0x00000000eb300000, 0x0000000100000000, 0x0000000100000000)
  eden space 307200K, 0% used [0x00000000eb300000,0x00000000eb300000,0x00000000fdf00000)
  from space 13312K, 0% used [0x00000000ff300000,0x00000000ff300000,0x0000000100000000)
  to   space 16896K, 0% used [0x00000000fdf00000,0x00000000fdf00000,0x00000000fef80000)
 ParOldGen       total 82432K, used 40897K [0x00000000c1800000, 0x00000000c6880000, 0x00000000eb300000)
  object space 82432K, 49% used [0x00000000c1800000,0x00000000c3ff0640,0x00000000c6880000)
 Metaspace       used 56872K, capacity 59036K, committed 59160K, reserved 1099776K
  class space    used 7888K, capacity 8285K, committed 8320K, reserved 1048576K
}

